-------------------------------------------------------------------------------
Test set: com.project.webapp.util.UtilTest
-------------------------------------------------------------------------------
Tests run: 1, Failures: 0, Errors: 1, Skipped: 0, Time elapsed: 0.002 s <<< FAILURE! - in com.project.webapp.util.UtilTest
initializationError(com.project.webapp.util.UtilTest)  Time elapsed: 0.001 s  <<< ERROR!
java.lang.Exception: No runnable methods

