<?xml version="1.0" encoding="UTF-8"?>
<testsuite xmlns:xsi="http://www.w3.org/2001/XMLSchema-instance" xsi:noNamespaceSchemaLocation="https://maven.apache.org/surefire/maven-surefire-plugin/xsd/surefire-test-report.xsd" name="com.project.webapp.TestFirst" time="3.413" tests="3" errors="0" skipped="0" failures="2">
  <properties>
[...]
</properties>
  <testcase name="testingCourierServiceUser" classname="com.project.webapp.TestFirst" time="0.014">
    <failure message="expected:&lt;[Davi]d&gt; but was:&lt;[James Bon]d&gt;" type="org.junit.ComparisonFailure"><![CDATA[org.junit.ComparisonFailure: expected:<[Davi]d> but was:<[James Bon]d>
	at com.project.webapp.TestFirst.testingCourierServiceUser(TestFirst.java:46)
]]></failure>
    <system-out><![CDATA[2019-06-11 00:53:45.277  INFO 12332 --- [           main] .b.t.c.SpringBootTestContextBootstrapper : Neither @ContextConfiguration nor @ContextHierarchy found for test class [com.project.webapp.TestFirst], using SpringBootContextLoader
2019-06-11 00:53:45.289  INFO 12332 --- [           main] o.s.t.c.support.AbstractContextLoader    : Could not detect default resource locations for test class [com.project.webapp.TestFirst]: no resource found for suffixes {-context.xml, Context.groovy}.
2019-06-11 00:53:45.289  INFO 12332 --- [           main] t.c.s.AnnotationConfigContextLoaderUtils : Could not detect default configuration classes for test class [com.project.webapp.TestFirst]: TestFirst does not declare any static, non-private, non-final, nested classes annotated with @Configuration.
2019-06-11 00:53:45.292  INFO 12332 --- [           main] .b.t.c.SpringBootTestContextBootstrapper : Found @SpringBootConfiguration com.project.webapp.WebappApplication for test class com.project.webapp.TestFirst
2019-06-11 00:53:45.295  INFO 12332 --- [           main] .b.t.c.SpringBootTestContextBootstrapper : Loaded default TestExecutionListener class names from location [META-INF/spring.factories]: [org.springframework.security.test.context.support.WithSecurityContextTestExecutionListener, org.springframework.security.test.context.support.ReactorContextTestExecutionListener, org.springframework.test.context.web.ServletTestExecutionListener, org.springframework.test.context.support.DirtiesContextBeforeModesTestExecutionListener, org.springframework.test.context.support.DependencyInjectionTestExecutionListener, org.springframework.test.context.support.DirtiesContextTestExecutionListener, org.springframework.test.context.transaction.TransactionalTestExecutionListener, org.springframework.test.context.jdbc.SqlScriptsTestExecutionListener, org.springframework.boot.test.mock.mockito.MockitoTestExecutionListener, org.springframework.boot.test.mock.mockito.ResetMocksTestExecutionListener, org.springframework.boot.test.autoconfigure.restdocs.RestDocsTestExecutionListener, org.springframework.boot.test.autoconfigure.web.client.MockRestServiceServerResetTestExecutionListener, org.springframework.boot.test.autoconfigure.web.servlet.MockMvcPrintOnlyOnFailureTestExecutionListener, org.springframework.boot.test.autoconfigure.web.servlet.WebDriverTestExecutionListener]
2019-06-11 00:53:45.297  INFO 12332 --- [           main] .b.t.c.SpringBootTestContextBootstrapper : Using TestExecutionListeners: [org.springframework.test.context.web.ServletTestExecutionListener@3085befb, org.springframework.test.context.support.DirtiesContextBeforeModesTestExecutionListener@62264d4f, org.springframework.boot.test.mock.mockito.MockitoTestExecutionListener@2bc0603f, org.springframework.boot.test.autoconfigure.SpringBootDependencyInjectionTestExecutionListener@4ed19540, org.springframework.test.context.support.DirtiesContextTestExecutionListener@533e8807, org.springframework.test.context.transaction.TransactionalTestExecutionListener@322eb1a, org.springframework.test.context.jdbc.SqlScriptsTestExecutionListener@2b4ba2d9, org.springframework.security.test.context.support.WithSecurityContextTestExecutionListener@69f24965, org.springframework.security.test.context.support.ReactorContextTestExecutionListener@4eab9aec, org.springframework.boot.test.mock.mockito.ResetMocksTestExecutionListener@5a45c218, org.springframework.boot.test.autoconfigure.restdocs.RestDocsTestExecutionListener@2c6efee3, org.springframework.boot.test.autoconfigure.web.client.MockRestServiceServerResetTestExecutionListener@57ac236a, org.springframework.boot.test.autoconfigure.web.servlet.MockMvcPrintOnlyOnFailureTestExecutionListener@4542af89, org.springframework.boot.test.autoconfigure.web.servlet.WebDriverTestExecutionListener@3163e03b]

  .   ____          _            __ _ _
 /\\ / ___'_ __ _ _(_)_ __  __ _ \ \ \ \
( ( )\___ | '_ | '_| | '_ \/ _` | \ \ \ \
 \\/  ___)| |_)| | | | | || (_| |  ) ) ) )
  '  |____| .__|_| |_|_| |_\__, | / / / /
 =========|_|==============|___/=/_/_/_/
 :: Spring Boot ::        (v2.1.4.RELEASE)

2019-06-11 00:53:45.382  INFO 12332 --- [           main] com.project.webapp.TestFirst             : Starting TestFirst on DESKTOP-TR1VEFI with PID 12332 (started by korisnik in C:\Users\korisnik\Desktop\probniprojekat\webapp)
2019-06-11 00:53:45.383  INFO 12332 --- [           main] com.project.webapp.TestFirst             : No active profile set, falling back to default profiles: default
2019-06-11 00:53:46.603  INFO 12332 --- [           main] .s.d.r.c.RepositoryConfigurationDelegate : Bootstrapping Spring Data repositories in DEFAULT mode.
2019-06-11 00:53:46.738  INFO 12332 --- [           main] .s.d.r.c.RepositoryConfigurationDelegate : Finished Spring Data repository scanning in 135ms. Found 7 repository interfaces.
2019-06-11 00:53:46.874  INFO 12332 --- [           main] trationDelegate$BeanPostProcessorChecker : Bean 'org.springframework.transaction.annotation.ProxyTransactionManagementConfiguration' of type [org.springframework.transaction.annotation.ProxyTransactionManagementConfiguration$$EnhancerBySpringCGLIB$$5deb1895] is not eligible for getting processed by all BeanPostProcessors (for example: not eligible for auto-proxying)
2019-06-11 00:53:46.935  INFO 12332 --- [           main] trationDelegate$BeanPostProcessorChecker : Bean 'org.springframework.security.config.annotation.configuration.ObjectPostProcessorConfiguration' of type [org.springframework.security.config.annotation.configuration.ObjectPostProcessorConfiguration$$EnhancerBySpringCGLIB$$f698e0cf] is not eligible for getting processed by all BeanPostProcessors (for example: not eligible for auto-proxying)
2019-06-11 00:53:46.950  INFO 12332 --- [           main] trationDelegate$BeanPostProcessorChecker : Bean 'objectPostProcessor' of type [org.springframework.security.config.annotation.configuration.AutowireBeanFactoryObjectPostProcessor] is not eligible for getting processed by all BeanPostProcessors (for example: not eligible for auto-proxying)
2019-06-11 00:53:46.957  INFO 12332 --- [           main] trationDelegate$BeanPostProcessorChecker : Bean 'org.springframework.security.access.expression.method.DefaultMethodSecurityExpressionHandler@44d6f9cf' of type [org.springframework.security.access.expression.method.DefaultMethodSecurityExpressionHandler] is not eligible for getting processed by all BeanPostProcessors (for example: not eligible for auto-proxying)
2019-06-11 00:53:46.988  INFO 12332 --- [           main] trationDelegate$BeanPostProcessorChecker : Bean 'org.springframework.security.config.annotation.method.configuration.GlobalMethodSecurityConfiguration' of type [org.springframework.security.config.annotation.method.configuration.GlobalMethodSecurityConfiguration$$EnhancerBySpringCGLIB$$1b6d8381] is not eligible for getting processed by all BeanPostProcessors (for example: not eligible for auto-proxying)
2019-06-11 00:53:47.001  INFO 12332 --- [           main] trationDelegate$BeanPostProcessorChecker : Bean 'methodSecurityMetadataSource' of type [org.springframework.security.access.method.DelegatingMethodSecurityMetadataSource] is not eligible for getting processed by all BeanPostProcessors (for example: not eligible for auto-proxying)
2019-06-11 00:53:47.142  INFO 12332 --- [           main] com.zaxxer.hikari.HikariDataSource       : HikariPool-3 - Starting...
2019-06-11 00:53:47.149  INFO 12332 --- [           main] com.zaxxer.hikari.HikariDataSource       : HikariPool-3 - Start completed.
2019-06-11 00:53:47.227  INFO 12332 --- [           main] o.hibernate.jpa.internal.util.LogHelper  : HHH000204: Processing PersistenceUnitInfo [
	name: default
	...]
2019-06-11 00:53:47.250  INFO 12332 --- [           main] org.hibernate.dialect.Dialect            : HHH000400: Using dialect: org.hibernate.dialect.H2Dialect
2019-06-11 00:53:47.384  INFO 12332 --- [           main] o.h.h.i.QueryTranslatorFactoryInitiator  : HHH000397: Using ASTQueryTranslatorFactory
2019-06-11 00:53:47.393  INFO 12332 --- [           main] j.LocalContainerEntityManagerFactoryBean : Initialized JPA EntityManagerFactory for persistence unit 'default'
2019-06-11 00:53:48.050  INFO 12332 --- [           main] o.s.s.web.DefaultSecurityFilterChain     : Creating filter chain: any request, [org.springframework.security.web.context.request.async.WebAsyncManagerIntegrationFilter@49482761, org.springframework.security.web.context.SecurityContextPersistenceFilter@325236f5, org.springframework.security.web.header.HeaderWriterFilter@7ca7bddd, org.springframework.web.filter.CorsFilter@623ed5ed, org.springframework.security.web.authentication.logout.LogoutFilter@47d7e4b6, com.project.webapp.security.AuthenticationTokenFilter@5039c2cf, org.springframework.security.web.savedrequest.RequestCacheAwareFilter@6c68f29c, org.springframework.security.web.servletapi.SecurityContextHolderAwareRequestFilter@3b3b2290, org.springframework.security.web.authentication.AnonymousAuthenticationFilter@6ac0fd1d, org.springframework.security.web.session.SessionManagementFilter@206e5183, org.springframework.security.web.access.ExceptionTranslationFilter@1372696b, org.springframework.security.web.access.intercept.FilterSecurityInterceptor@47fbf95e]
2019-06-11 00:53:48.608  INFO 12332 --- [           main] o.s.s.concurrent.ThreadPoolTaskExecutor  : Initializing ExecutorService 'applicationTaskExecutor'
2019-06-11 00:53:48.634  WARN 12332 --- [           main] aWebConfiguration$JpaWebMvcConfiguration : spring.jpa.open-in-view is enabled by default. Therefore, database queries may be performed during view rendering. Explicitly configure spring.jpa.open-in-view to disable this warning
2019-06-11 00:53:49.039  INFO 12332 --- [           main] com.project.webapp.TestFirst             : Started TestFirst in 3.739 seconds (JVM running for 22.384)
Pre izvrsavanja testaa
Posle izvrsavanja testa
]]></system-out>
  </testcase>
  <testcase name="test1" classname="com.project.webapp.TestFirst" time="0"/>
  <testcase name="test2" classname="com.project.webapp.TestFirst" time="0.016">
    <failure message="expected:&lt;[David]&gt; but was:&lt;[zack]&gt;" type="org.junit.ComparisonFailure"><![CDATA[org.junit.ComparisonFailure: expected:<[David]> but was:<[zack]>
	at com.project.webapp.TestFirst.test2(TestFirst.java:40)
]]></failure>
    <system-out><![CDATA[Pre izvrsavanja testaa
Posle izvrsavanja testa
]]></system-out>
  </testcase>
</testsuite>